Build started 1/14/2015 1:52:48 AM.
Project "F:\SPBSU\Compressed_plates\blur_wiener\blur_wiener\blur_wiener.vcxproj" on node 2 (Build target(s)).
ClCompile:
  C:\Program Files (x86)\Microsoft Visual Studio 12.0\VC\bin\x86_amd64\CL.exe /c /IC:\OpenCV\Build\x64\vc11\..\..\include /Zi /nologo /W3 /WX- /O2 /Oi /GL /D WIN32 /D NDEBUG /D _CONSOLE /D _UNICODE /D UNICODE /Gm- /EHsc /MD /GS /Gy /fp:precise /Zc:wchar_t /Zc:forScope /Fo"x64\Release\\" /Fd"x64\Release\vc120.pdb" /Gd /TP /errorReport:prompt GaussianDegrader.cpp GradientOptimizer.cpp Source.cpp
  GaussianDegrader.cpp
GaussianDegrader.cpp(18): warning C4244: 'initializing' : conversion from 'double' to 'int', possible loss of data
GaussianDegrader.cpp(31): warning C4244: '=' : conversion from 'double' to 'float', possible loss of data
  GradientOptimizer.cpp
  Source.cpp
Source.cpp(55): warning C4101: 'buffer' : unreferenced local variable
Link:
  C:\Program Files (x86)\Microsoft Visual Studio 12.0\VC\bin\x86_amd64\link.exe /ERRORREPORT:PROMPT /OUT:"F:\SPBSU\Compressed_plates\blur_wiener\x64\Release\blur_wiener.exe" /INCREMENTAL:NO /NOLOGO /LIBPATH:C:\OpenCV\Build\x64\vc11\lib opencv_calib3d2410.lib opencv_contrib2410.lib opencv_core2410.lib opencv_features2d2410.lib opencv_flann2410.lib opencv_gpu2410.lib opencv_highgui2410.lib opencv_imgproc2410.lib opencv_legacy2410.lib opencv_ml2410.lib opencv_nonfree2410.lib opencv_objdetect2410.lib opencv_ocl2410.lib opencv_photo2410.lib opencv_stitching2410.lib opencv_superres2410.lib opencv_ts2410.lib opencv_video2410.lib opencv_videostab2410.lib kernel32.lib user32.lib gdi32.lib winspool.lib comdlg32.lib advapi32.lib shell32.lib ole32.lib oleaut32.lib uuid.lib odbc32.lib odbccp32.lib /MANIFEST /MANIFESTUAC:"level='asInvoker' uiAccess='false'" /manifest:embed /DEBUG /PDB:"F:\SPBSU\Compressed_plates\blur_wiener\x64\Release\blur_wiener.pdb" /SUBSYSTEM:CONSOLE /OPT:REF /OPT:ICF /LTCG /TLBID:1 /DYNAMICBASE /NXCOMPAT /IMPLIB:"F:\SPBSU\Compressed_plates\blur_wiener\x64\Release\blur_wiener.lib" /MACHINE:X64 x64\Release\GaussianDegrader.obj
  x64\Release\GradientOptimizer.obj
  x64\Release\Source.obj
  Generating code
  Finished generating code
  blur_wiener.vcxproj -> F:\SPBSU\Compressed_plates\blur_wiener\x64\Release\blur_wiener.exe
Done Building Project "F:\SPBSU\Compressed_plates\blur_wiener\blur_wiener\blur_wiener.vcxproj" (Build target(s)).

Build succeeded.

Time Elapsed 00:06:11.51
